Environment variables:
  - =::=::\
  - =C:=C:\Users\Diego Ortega\Documents\HabittonAPIGateway
  - =ExitCode=00000000
  - ALLUSERSPROFILE=C:\ProgramData
  - APPDATA=C:\Users\Diego Ortega\AppData\Roaming
  - COMPUTERNAME=TDG-MBL-GDL582
  - ComSpec=C:\WINDOWS\system32\cmd.exe
  - CommonProgramFiles=C:\Program Files\Common Files
  - CommonProgramFiles(x86)=C:\Program Files (x86)\Common Files
  - CommonProgramW6432=C:\Program Files\Common Files
  - ERROR_CODE=0
  - HOMEDRIVE=C:
  - HOMEPATH=\Users\Diego Ortega
  - JAVA_EXEC="C:\sonarQube\sonar-scanner-3.3.0.1492-windows\bin\..\jre\bin\java.exe"
  - JAVA_HOME=C:\sonarQube\sonar-scanner-3.3.0.1492-windows\bin\..\jre
  - LOCALAPPDATA=C:\Users\Diego Ortega\AppData\Local
  - LOGONSERVER=\\TDG-SVR-ZAPDC02
  - NUMBER_OF_PROCESSORS=8
  - OS=Windows_NT
  - OneDrive=C:\Users\Diego Ortega\OneDrive
  - PATHEXT=.COM;.EXE;.BAT;.CMD;.VBS;.VBE;.JS;.JSE;.WSF;.WSH;.MSC
  - PROCESSOR_ARCHITECTURE=AMD64
  - PROCESSOR_IDENTIFIER=Intel64 Family 6 Model 94 Stepping 3, GenuineIntel
  - PROCESSOR_LEVEL=6
  - PROCESSOR_REVISION=5e03
  - PRODUCT_CONF=C:\ProgramData\CTES\Components\DARAgent\home\product.conf
  - PROJECT_HOME=C:\Users\Diego Ortega\Documents\HabittonAPIGateway
  - PROMPT=$P$G
  - PSModulePath=C:\Program Files\WindowsPowerShell\Modules;C:\WINDOWS\system32\WindowsPowerShell\v1.0\Modules
  - PUBLIC=C:\Users\Public
  - Path=C:\ProgramData\DockerDesktop\version-bin;C:\Program Files\Docker\Docker\Resources\bin;C:\Program Files (x86)\Intel\Intel(R) Management Engine Components\iCLS\;C:\Program Files\Intel\Intel(R) Management Engine Components\iCLS\;C:\Program Files (x86)\Common Files\Oracle\Java\javapath;C:\WINDOWS\system32;C:\WINDOWS;C:\WINDOWS\System32\Wbem;C:\WINDOWS\System32\WindowsPowerShell\v1.0\;C:\Program Files\Git\cmd;C:\Program Files (x86)\Intel\Intel(R) Management Engine Components\DAL;C:\Program Files\Intel\Intel(R) Management Engine Components\DAL;C:\Program Files (x86)\Intel\Intel(R) Management Engine Components\IPT;C:\Program Files\Intel\Intel(R) Management Engine Components\IPT;C:\Program Files\Intel\WiFi\bin\;C:\Program Files\Common Files\Intel\WirelessCommon\;C:\Program Files\dotnet\;C:\Program Files\Microsoft SQL Server\130\Tools\Binn\;C:\Program Files\nodejs\;C:\Program Files\Microsoft SQL Server\Client SDK\ODBC\170\Tools\Binn\;C:\sonarQube\sonar-scanner-3.3.0.1492-windows\bin;C:\Users\Diego Ortega\AppData\Local\Microsoft\WindowsApps;;C:\Users\Diego Ortega\AppData\Roaming\npm;C:\Program Files\Intel\WiFi\bin\;C:\Program Files\Common Files\Intel\WirelessCommon\;C:\Users\Diego Ortega\AppData\Local\Programs\Microsoft VS Code\bin;C:\Program Files\heroku\bin
  - ProgramData=C:\ProgramData
  - ProgramFiles=C:\Program Files
  - ProgramFiles(x86)=C:\Program Files (x86)
  - ProgramW6432=C:\Program Files
  - SESSIONNAME=Console
  - SONAR_SCANNER_HOME=C:\sonarQube\sonar-scanner-3.3.0.1492-windows\bin\..
  - SystemDrive=C:
  - SystemRoot=C:\WINDOWS
  - TEMP=C:\Users\DIEGOO~1\AppData\Local\Temp
  - TMP=C:\Users\DIEGOO~1\AppData\Local\Temp
  - USERDNSDOMAIN=TIEMPODEV.LOCAL
  - USERDOMAIN=TIEMPODEV
  - USERDOMAIN_ROAMINGPROFILE=TIEMPODEV
  - USERNAME=Diego Ortega
  - USERPROFILE=C:\Users\Diego Ortega
  - VBOX_MSI_INSTALL_PATH=C:\Program Files\Oracle\VirtualBox\
  - scriptdir=C:\sonarQube\sonar-scanner-3.3.0.1492-windows\bin
  - use_embedded_jre=true
  - windir=C:\WINDOWS
System properties:
  - awt.toolkit=sun.awt.windows.WToolkit
  - file.encoding=Cp1252
  - file.encoding.pkg=sun.io
  - file.separator=\
  - java.awt.graphicsenv=sun.awt.Win32GraphicsEnvironment
  - java.awt.headless=true
  - java.awt.printerjob=sun.awt.windows.WPrinterJob
  - java.class.path=C:\sonarQube\sonar-scanner-3.3.0.1492-windows\bin\..\lib\sonar-scanner-cli-3.3.0.1492.jar
  - java.class.version=52.0
  - java.endorsed.dirs=C:\sonarQube\sonar-scanner-3.3.0.1492-windows\jre\lib\endorsed
  - java.ext.dirs=C:\sonarQube\sonar-scanner-3.3.0.1492-windows\jre\lib\ext;C:\WINDOWS\Sun\Java\lib\ext
  - java.home=C:\sonarQube\sonar-scanner-3.3.0.1492-windows\jre
  - java.io.tmpdir=C:\Users\DIEGOO~1\AppData\Local\Temp\
  - java.library.path=C:\sonarQube\sonar-scanner-3.3.0.1492-windows\jre\bin;C:\WINDOWS\Sun\Java\bin;C:\WINDOWS\system32;C:\WINDOWS;C:\ProgramData\DockerDesktop\version-bin;C:\Program Files\Docker\Docker\Resources\bin;C:\Program Files (x86)\Intel\Intel(R) Management Engine Components\iCLS\;C:\Program Files\Intel\Intel(R) Management Engine Components\iCLS\;C:\Program Files (x86)\Common Files\Oracle\Java\javapath;C:\WINDOWS\system32;C:\WINDOWS;C:\WINDOWS\System32\Wbem;C:\WINDOWS\System32\WindowsPowerShell\v1.0\;C:\Program Files\Git\cmd;C:\Program Files (x86)\Intel\Intel(R) Management Engine Components\DAL;C:\Program Files\Intel\Intel(R) Management Engine Components\DAL;C:\Program Files (x86)\Intel\Intel(R) Management Engine Components\IPT;C:\Program Files\Intel\Intel(R) Management Engine Components\IPT;C:\Program Files\Intel\WiFi\bin\;C:\Program Files\Common Files\Intel\WirelessCommon\;C:\Program Files\dotnet\;C:\Program Files\Microsoft SQL Server\130\Tools\Binn\;C:\Program Files\nodejs\;C:\Program Files\Microsoft SQL Server\Client SDK\ODBC\170\Tools\Binn\;C:\sonarQube\sonar-scanner-3.3.0.1492-windows\bin;C:\Users\Diego Ortega\AppData\Local\Microsoft\WindowsApps;;C:\Users\Diego Ortega\AppData\Roaming\npm;C:\Program Files\Intel\WiFi\bin\;C:\Program Files\Common Files\Intel\WirelessCommon\;C:\Users\Diego Ortega\AppData\Local\Programs\Microsoft VS Code\bin;C:\Program Files\heroku\bin;.
  - java.runtime.name=Java(TM) SE Runtime Environment
  - java.runtime.version=1.8.0_121-b13
  - java.specification.name=Java Platform API Specification
  - java.specification.vendor=Oracle Corporation
  - java.specification.version=1.8
  - java.vendor=Oracle Corporation
  - java.vendor.url=http://java.oracle.com/
  - java.vendor.url.bug=http://bugreport.sun.com/bugreport/
  - java.version=1.8.0_121
  - java.vm.info=mixed mode
  - java.vm.name=Java HotSpot(TM) 64-Bit Server VM
  - java.vm.specification.name=Java Virtual Machine Specification
  - java.vm.specification.vendor=Oracle Corporation
  - java.vm.specification.version=1.8
  - java.vm.vendor=Oracle Corporation
  - java.vm.version=25.121-b13
  - line.separator=

  - os.arch=amd64
  - os.name=Windows 10
  - os.version=10.0
  - path.separator=;
  - project.home=C:\Users\Diego Ortega\Documents\HabittonAPIGateway
  - scanner.home=C:\sonarQube\sonar-scanner-3.3.0.1492-windows\bin\..
  - sun.arch.data.model=64
  - sun.boot.class.path=C:\sonarQube\sonar-scanner-3.3.0.1492-windows\jre\lib\resources.jar;C:\sonarQube\sonar-scanner-3.3.0.1492-windows\jre\lib\rt.jar;C:\sonarQube\sonar-scanner-3.3.0.1492-windows\jre\lib\sunrsasign.jar;C:\sonarQube\sonar-scanner-3.3.0.1492-windows\jre\lib\jsse.jar;C:\sonarQube\sonar-scanner-3.3.0.1492-windows\jre\lib\jce.jar;C:\sonarQube\sonar-scanner-3.3.0.1492-windows\jre\lib\charsets.jar;C:\sonarQube\sonar-scanner-3.3.0.1492-windows\jre\lib\jfr.jar;C:\sonarQube\sonar-scanner-3.3.0.1492-windows\jre\classes
  - sun.boot.library.path=C:\sonarQube\sonar-scanner-3.3.0.1492-windows\jre\bin
  - sun.cpu.endian=little
  - sun.cpu.isalist=amd64
  - sun.desktop=windows
  - sun.io.unicode.encoding=UnicodeLittle
  - sun.java.command=org.sonarsource.scanner.cli.Main -X
  - sun.java.launcher=SUN_STANDARD
  - sun.jnu.encoding=Cp1252
  - sun.management.compiler=HotSpot 64-Bit Tiered Compilers
  - sun.os.patch.level=
  - sun.stderr.encoding=cp437
  - sun.stdout.encoding=cp437
  - user.country=US
  - user.dir=C:\Users\Diego Ortega\Documents\HabittonAPIGateway
  - user.home=C:\Users\Diego Ortega
  - user.language=en
  - user.name=Diego Ortega
  - user.script=
  - user.timezone=America/Mexico_City
  - user.variant=
SonarQube plugins:
  - SonarPython 1.13.0.2922 (python)
  - SonarCSS 1.0.3.724 (cssfamily)
  - JaCoCo 1.0.1.143 (jacoco)
  - SonarGo 1.1.0.1612 (go)
  - SonarKotlin 1.5.0.315 (kotlin)
  - Svn 1.9.0.1295 (scmsvn)
  - SonarJS 5.1.1.7506 (javascript)
  - SonarRuby 1.5.0.315 (ruby)
  - SonarScala 1.5.0.315 (sonarscala)
  - SonarC# 7.11.0.8083 (csharp)
  - SonarJava 5.11.0.17289 (java)
  - LDAP 2.2.0.608 (ldap)
  - SonarHTML 3.1.0.1615 (web)
  - Git 1.8.0.1574 (scmgit)
  - SonarFlex 2.4.0.1222 (flex)
  - SonarXML 2.0.1.2020 (xml)
  - SonarPHP 3.0.0.4537 (php)
  - SonarTS 1.9.0.3766 (typescript)
  - SonarVB 7.11.0.8083 (vbnet)
Global server settings:
  - sonar.core.id=BF41A1F2-AWqu9RPMh6tZc3W2hL9L
  - sonar.core.startTime=2019-05-13T00:25:52-0500
Project server settings:
Project scanner properties:
  - sonar.host.url=http://localhost:9000
  - sonar.language=js
  - sonar.projectBaseDir=C:\Users\Diego Ortega\Documents\HabittonAPIGateway
  - sonar.projectKey=arquitectura-development_APIGateway
  - sonar.projectName=arquitectura-development
  - sonar.projectVersion=1.0
  - sonar.scanner.app=ScannerCli
  - sonar.scanner.appVersion=3.3.0.1492
  - sonar.sourceEncoding=UTF-8
  - sonar.sources=.
  - sonar.verbose=true
  - sonar.working.directory=C:\Users\Diego Ortega\Documents\HabittonAPIGateway\.scannerwork
